1. we have to create a local user which is used for the docker runs
Setup Docker Container: ark with Values:
.... Prim Loc:   /playground/homeserver/RUNTIME			- will be master folder
.... Storage:    /storage                     	- mapped in Container as /storage
.... Configpath: /playground/homeserver/RUNTIME/ark/config  	- mapped in Container as /config
.... Tmp Path:   /playground/homeserver/RUNTIME/ark/tmp     	- mapped in Container as /tmp
.... Download & Complete folder: /playground/homeserver/INCOMING & /playground/homeserver/COMPLETE 	
.... Portmap:    1234:1234
..... starting ...
 
First rebuild the container with current docker files:
... switch to folder: /playground/homeserver/INSTALL/ark
... now lets build ...
Sending build context to Docker daemon 18.94 kB
Step 1 : FROM ubuntu:14.04
 ---> 4a725d3b3b1c
Step 2 : MAINTAINER TuRzAm
 ---> Running in 08460d9a4db3
 ---> e4dffc63105b
Removing intermediate container 08460d9a4db3
Step 3 : ENV SESSIONNAME "Ark Docker"
 ---> Running in f124e99b1a18
 ---> 2c2b0280966a
Removing intermediate container f124e99b1a18
Step 4 : ENV SERVERMAP "TheIsland"
 ---> Running in d894f4219f09
 ---> d9623a3564d8
Removing intermediate container d894f4219f09
Step 5 : ENV SERVERPASSWORD ""
 ---> Running in 9112a249bae1
 ---> 381f55ec80ea
Removing intermediate container 9112a249bae1
Step 6 : ENV ADMINPASSWORD "adminpassword"
 ---> Running in 4a8c1a9ade13
 ---> d92aa80244fd
Removing intermediate container 4a8c1a9ade13
Step 7 : ENV NBPLAYERS 70
 ---> Running in 86b0f71c4481
 ---> 85e2c97d2ee9
Removing intermediate container 86b0f71c4481
Step 8 : ENV UPDATEONSTART 1
 ---> Running in 50f888e910b8
 ---> 67d3770e2a67
Removing intermediate container 50f888e910b8
Step 9 : ENV BACKUPONSTART 1
 ---> Running in 3b02862e4ccc
 ---> 1c62c25be845
Removing intermediate container 3b02862e4ccc
Step 10 : ENV GIT_TAG v1.5
 ---> Running in 38d0370feda1
 ---> e8c67b6b0141
Removing intermediate container 38d0370feda1
Step 11 : ENV SERVERPORT 27015
 ---> Running in 9d2719d48c41
 ---> 1970d3eadc0e
Removing intermediate container 9d2719d48c41
Step 12 : ENV STEAMPORT 7778
 ---> Running in 32381b0c6aca
 ---> 284d8d018ef9
Removing intermediate container 32381b0c6aca
Step 13 : ENV BACKUPONSTOP 0
 ---> Running in 281f69c34076
 ---> 04cc431bbada
Removing intermediate container 281f69c34076
Step 14 : ENV WARNONSTOP 0
 ---> Running in c15215de8df8
 ---> 483d9e9caf21
Removing intermediate container c15215de8df8
Step 15 : ENV UID 1000
 ---> Running in 7d00aaa38132
 ---> 7b40e250da2f
Removing intermediate container 7d00aaa38132
Step 16 : ENV GID 1000
 ---> Running in a489336af1bf
 ---> 1a7a8a2dbfa4
Removing intermediate container a489336af1bf
Step 17 : RUN apt-get update &&    apt-get install -y curl lib32gcc1 lsof git
 ---> Running in 6c19c4737c33
Ign http://archive.ubuntu.com trusty InRelease
Get:1 http://archive.ubuntu.com trusty-updates InRelease [65.9 kB]
Get:2 http://archive.ubuntu.com trusty-security InRelease [65.9 kB]
Get:3 http://archive.ubuntu.com trusty Release.gpg [933 B]
Get:4 http://archive.ubuntu.com trusty Release [58.5 kB]
Get:5 http://archive.ubuntu.com trusty-updates/main Sources [472 kB]
Get:6 http://archive.ubuntu.com trusty-updates/restricted Sources [5247 B]
Get:7 http://archive.ubuntu.com trusty-updates/universe Sources [206 kB]
Get:8 http://archive.ubuntu.com trusty-updates/main amd64 Packages [1112 kB]
Get:9 http://archive.ubuntu.com trusty-updates/restricted amd64 Packages [23.5 kB]
Get:10 http://archive.ubuntu.com trusty-updates/universe amd64 Packages [481 kB]
Get:11 http://archive.ubuntu.com trusty-security/main Sources [152 kB]
Get:12 http://archive.ubuntu.com trusty-security/restricted Sources [3944 B]
Get:13 http://archive.ubuntu.com trusty-security/universe Sources [48.5 kB]
Get:14 http://archive.ubuntu.com trusty-security/main amd64 Packages [653 kB]
Get:15 http://archive.ubuntu.com trusty-security/restricted amd64 Packages [20.2 kB]
Get:16 http://archive.ubuntu.com trusty-security/universe amd64 Packages [177 kB]
Get:17 http://archive.ubuntu.com trusty/main Sources [1335 kB]
Get:18 http://archive.ubuntu.com trusty/restricted Sources [5335 B]
Get:19 http://archive.ubuntu.com trusty/universe Sources [7926 kB]
Get:20 http://archive.ubuntu.com trusty/main amd64 Packages [1743 kB]
Get:21 http://archive.ubuntu.com trusty/restricted amd64 Packages [16.0 kB]
Get:22 http://archive.ubuntu.com trusty/universe amd64 Packages [7589 kB]
Fetched 22.2 MB in 6s (3672 kB/s)
Reading package lists...
Reading package lists...
Building dependency tree...
Reading state information...
The following extra packages will be installed:
  ca-certificates git-man krb5-locales libasn1-8-heimdal libc6-i386 libcurl3
  libcurl3-gnutls libedit2 liberror-perl libgssapi-krb5-2 libgssapi3-heimdal
  libhcrypto4-heimdal libheimbase1-heimdal libheimntlm0-heimdal
  libhx509-5-heimdal libidn11 libk5crypto3 libkeyutils1 libkrb5-26-heimdal
  libkrb5-3 libkrb5support0 libldap-2.4-2 libroken18-heimdal librtmp0
  libsasl2-2 libsasl2-modules libsasl2-modules-db libwind0-heimdal libx11-6
  libx11-data libxau6 libxcb1 libxdmcp6 libxext6 libxmuu1 openssh-client
  openssl patch rsync xauth
Suggested packages:
  gettext-base git-daemon-run git-daemon-sysvinit git-doc git-el git-email
  git-gui gitk gitweb git-arch git-bzr git-cvs git-mediawiki git-svn krb5-doc
  krb5-user libsasl2-modules-otp libsasl2-modules-ldap libsasl2-modules-sql
  libsasl2-modules-gssapi-mit libsasl2-modules-gssapi-heimdal ssh-askpass
  libpam-ssh keychain monkeysphere ed diffutils-doc openssh-server
Recommended packages:
  ssh-client
The following NEW packages will be installed:
  ca-certificates curl git git-man krb5-locales lib32gcc1 libasn1-8-heimdal
  libc6-i386 libcurl3 libcurl3-gnutls libedit2 liberror-perl libgssapi-krb5-2
  libgssapi3-heimdal libhcrypto4-heimdal libheimbase1-heimdal
  libheimntlm0-heimdal libhx509-5-heimdal libidn11 libk5crypto3 libkeyutils1
  libkrb5-26-heimdal libkrb5-3 libkrb5support0 libldap-2.4-2
  libroken18-heimdal librtmp0 libsasl2-2 libsasl2-modules libsasl2-modules-db
  libwind0-heimdal libx11-6 libx11-data libxau6 libxcb1 libxdmcp6 libxext6
  libxmuu1 lsof openssh-client openssl patch rsync xauth
0 upgraded, 44 newly installed, 0 to remove and 2 not upgraded.
Need to get 10.5 MB of archives.
After this operation, 52.9 MB of additional disk space will be used.
Get:1 http://archive.ubuntu.com/ubuntu/ trusty-updates/main libroken18-heimdal amd64 1.6~git20131207+dfsg-1ubuntu1.1 [40.0 kB]
Get:2 http://archive.ubuntu.com/ubuntu/ trusty-updates/main libasn1-8-heimdal amd64 1.6~git20131207+dfsg-1ubuntu1.1 [161 kB]
Get:3 http://archive.ubuntu.com/ubuntu/ trusty-updates/main libkrb5support0 amd64 1.12+dfsg-2ubuntu5.2 [30.7 kB]
Get:4 http://archive.ubuntu.com/ubuntu/ trusty-updates/main libk5crypto3 amd64 1.12+dfsg-2ubuntu5.2 [79.4 kB]
Get:5 http://archive.ubuntu.com/ubuntu/ trusty/main libkeyutils1 amd64 1.5.6-1 [7318 B]
Get:6 http://archive.ubuntu.com/ubuntu/ trusty-updates/main libkrb5-3 amd64 1.12+dfsg-2ubuntu5.2 [262 kB]
Get:7 http://archive.ubuntu.com/ubuntu/ trusty-updates/main libgssapi-krb5-2 amd64 1.12+dfsg-2ubuntu5.2 [114 kB]
Get:8 http://archive.ubuntu.com/ubuntu/ trusty-updates/main libidn11 amd64 1.28-1ubuntu2.1 [94.4 kB]
Get:9 http://archive.ubuntu.com/ubuntu/ trusty-updates/main libhcrypto4-heimdal amd64 1.6~git20131207+dfsg-1ubuntu1.1 [83.9 kB]
Get:10 http://archive.ubuntu.com/ubuntu/ trusty-updates/main libheimbase1-heimdal amd64 1.6~git20131207+dfsg-1ubuntu1.1 [28.9 kB]
Get:11 http://archive.ubuntu.com/ubuntu/ trusty-updates/main libwind0-heimdal amd64 1.6~git20131207+dfsg-1ubuntu1.1 [47.8 kB]
Get:12 http://archive.ubuntu.com/ubuntu/ trusty-updates/main libhx509-5-heimdal amd64 1.6~git20131207+dfsg-1ubuntu1.1 [104 kB]
Get:13 http://archive.ubuntu.com/ubuntu/ trusty-updates/main libkrb5-26-heimdal amd64 1.6~git20131207+dfsg-1ubuntu1.1 [196 kB]
Get:14 http://archive.ubuntu.com/ubuntu/ trusty-updates/main libheimntlm0-heimdal amd64 1.6~git20131207+dfsg-1ubuntu1.1 [15.2 kB]
Get:15 http://archive.ubuntu.com/ubuntu/ trusty-updates/main libgssapi3-heimdal amd64 1.6~git20131207+dfsg-1ubuntu1.1 [89.8 kB]
Get:16 http://archive.ubuntu.com/ubuntu/ trusty/main libsasl2-modules-db amd64 2.1.25.dfsg1-17build1 [14.9 kB]
Get:17 http://archive.ubuntu.com/ubuntu/ trusty/main libsasl2-2 amd64 2.1.25.dfsg1-17build1 [56.5 kB]
Get:18 http://archive.ubuntu.com/ubuntu/ trusty-updates/main libldap-2.4-2 amd64 2.4.31-1+nmu2ubuntu8.3 [153 kB]
Get:19 http://archive.ubuntu.com/ubuntu/ trusty/main librtmp0 amd64 2.4+20121230.gitdf6c518-1 [57.5 kB]
Get:20 http://archive.ubuntu.com/ubuntu/ trusty-updates/main libcurl3-gnutls amd64 7.35.0-1ubuntu2.9 [165 kB]
Get:21 http://archive.ubuntu.com/ubuntu/ trusty/main libedit2 amd64 3.1-20130712-2 [86.7 kB]
Get:22 http://archive.ubuntu.com/ubuntu/ trusty/main libxau6 amd64 1:1.0.8-1 [8376 B]
Get:23 http://archive.ubuntu.com/ubuntu/ trusty/main libxdmcp6 amd64 1:1.1.1-1 [12.8 kB]
Get:24 http://archive.ubuntu.com/ubuntu/ trusty/main libxcb1 amd64 1.10-2ubuntu1 [38.0 kB]
Get:25 http://archive.ubuntu.com/ubuntu/ trusty/main libx11-data all 2:1.6.2-1ubuntu2 [111 kB]
Get:26 http://archive.ubuntu.com/ubuntu/ trusty/main libx11-6 amd64 2:1.6.2-1ubuntu2 [560 kB]
Get:27 http://archive.ubuntu.com/ubuntu/ trusty-updates/main libxext6 amd64 2:1.3.2-1ubuntu0.0.14.04.1 [28.8 kB]
Get:28 http://archive.ubuntu.com/ubuntu/ trusty/main libxmuu1 amd64 2:1.1.1-1 [11.0 kB]
Get:29 http://archive.ubuntu.com/ubuntu/ trusty-updates/main libcurl3 amd64 7.35.0-1ubuntu2.9 [173 kB]
Get:30 http://archive.ubuntu.com/ubuntu/ trusty-updates/main openssl amd64 1.0.1f-1ubuntu2.19 [490 kB]
Get:31 http://archive.ubuntu.com/ubuntu/ trusty-updates/main ca-certificates all 20160104ubuntu0.14.04.1 [190 kB]
Get:32 http://archive.ubuntu.com/ubuntu/ trusty-updates/main krb5-locales all 1.12+dfsg-2ubuntu5.2 [13.6 kB]
Get:33 http://archive.ubuntu.com/ubuntu/ trusty/main libsasl2-modules amd64 2.1.25.dfsg1-17build1 [64.3 kB]
Get:34 http://archive.ubuntu.com/ubuntu/ trusty/main lsof amd64 4.86+dfsg-1ubuntu2 [257 kB]
Get:35 http://archive.ubuntu.com/ubuntu/ trusty-updates/main openssh-client amd64 1:6.6p1-2ubuntu2.8 [564 kB]
Get:36 http://archive.ubuntu.com/ubuntu/ trusty-updates/main rsync amd64 3.1.0-2ubuntu0.2 [284 kB]
Get:37 http://archive.ubuntu.com/ubuntu/ trusty/main xauth amd64 1:1.0.7-1ubuntu1 [25.8 kB]
Get:38 http://archive.ubuntu.com/ubuntu/ trusty-updates/main curl amd64 7.35.0-1ubuntu2.9 [123 kB]
Get:39 http://archive.ubuntu.com/ubuntu/ trusty/main liberror-perl all 0.17-1.1 [21.1 kB]
Get:40 http://archive.ubuntu.com/ubuntu/ trusty-updates/main git-man all 1:1.9.1-1ubuntu0.3 [699 kB]
Get:41 http://archive.ubuntu.com/ubuntu/ trusty-updates/main git amd64 1:1.9.1-1ubuntu0.3 [2586 kB]
Get:42 http://archive.ubuntu.com/ubuntu/ trusty-updates/main libc6-i386 amd64 2.19-0ubuntu6.9 [2201 kB]
Get:43 http://archive.ubuntu.com/ubuntu/ trusty-updates/main patch amd64 2.7.1-4ubuntu2.3 [86.4 kB]
Get:44 http://archive.ubuntu.com/ubuntu/ trusty-updates/main lib32gcc1 amd64 1:4.9.3-0ubuntu4 [47.8 kB]
[91mdebconf: unable to initialize frontend: Dialog
debconf: (TERM is not set, so the dialog frontend is not usable.)
debconf: falling back to frontend: Readline
[0m[91mdebconf: unable to initialize frontend: Readline
debconf: (This frontend requires a controlling tty.)
debconf: falling back to frontend: Teletype
[0m[91mdpkg-preconfigure: unable to re-open stdin: 
[0mFetched 10.5 MB in 2s (4102 kB/s)
Selecting previously unselected package libroken18-heimdal:amd64.
(Reading database ... 11558 files and directories currently installed.)
Preparing to unpack .../libroken18-heimdal_1.6~git20131207+dfsg-1ubuntu1.1_amd64.deb ...
Unpacking libroken18-heimdal:amd64 (1.6~git20131207+dfsg-1ubuntu1.1) ...
Selecting previously unselected package libasn1-8-heimdal:amd64.
Preparing to unpack .../libasn1-8-heimdal_1.6~git20131207+dfsg-1ubuntu1.1_amd64.deb ...
Unpacking libasn1-8-heimdal:amd64 (1.6~git20131207+dfsg-1ubuntu1.1) ...
Selecting previously unselected package libkrb5support0:amd64.
Preparing to unpack .../libkrb5support0_1.12+dfsg-2ubuntu5.2_amd64.deb ...
Unpacking libkrb5support0:amd64 (1.12+dfsg-2ubuntu5.2) ...
Selecting previously unselected package libk5crypto3:amd64.
Preparing to unpack .../libk5crypto3_1.12+dfsg-2ubuntu5.2_amd64.deb ...
Unpacking libk5crypto3:amd64 (1.12+dfsg-2ubuntu5.2) ...
Selecting previously unselected package libkeyutils1:amd64.
Preparing to unpack .../libkeyutils1_1.5.6-1_amd64.deb ...
Unpacking libkeyutils1:amd64 (1.5.6-1) ...
Selecting previously unselected package libkrb5-3:amd64.
Preparing to unpack .../libkrb5-3_1.12+dfsg-2ubuntu5.2_amd64.deb ...
Unpacking libkrb5-3:amd64 (1.12+dfsg-2ubuntu5.2) ...
Selecting previously unselected package libgssapi-krb5-2:amd64.
Preparing to unpack .../libgssapi-krb5-2_1.12+dfsg-2ubuntu5.2_amd64.deb ...
Unpacking libgssapi-krb5-2:amd64 (1.12+dfsg-2ubuntu5.2) ...
Selecting previously unselected package libidn11:amd64.
Preparing to unpack .../libidn11_1.28-1ubuntu2.1_amd64.deb ...
Unpacking libidn11:amd64 (1.28-1ubuntu2.1) ...
Selecting previously unselected package libhcrypto4-heimdal:amd64.
Preparing to unpack .../libhcrypto4-heimdal_1.6~git20131207+dfsg-1ubuntu1.1_amd64.deb ...
Unpacking libhcrypto4-heimdal:amd64 (1.6~git20131207+dfsg-1ubuntu1.1) ...
Selecting previously unselected package libheimbase1-heimdal:amd64.
Preparing to unpack .../libheimbase1-heimdal_1.6~git20131207+dfsg-1ubuntu1.1_amd64.deb ...
Unpacking libheimbase1-heimdal:amd64 (1.6~git20131207+dfsg-1ubuntu1.1) ...
Selecting previously unselected package libwind0-heimdal:amd64.
Preparing to unpack .../libwind0-heimdal_1.6~git20131207+dfsg-1ubuntu1.1_amd64.deb ...
Unpacking libwind0-heimdal:amd64 (1.6~git20131207+dfsg-1ubuntu1.1) ...
Selecting previously unselected package libhx509-5-heimdal:amd64.
Preparing to unpack .../libhx509-5-heimdal_1.6~git20131207+dfsg-1ubuntu1.1_amd64.deb ...
Unpacking libhx509-5-heimdal:amd64 (1.6~git20131207+dfsg-1ubuntu1.1) ...
Selecting previously unselected package libkrb5-26-heimdal:amd64.
Preparing to unpack .../libkrb5-26-heimdal_1.6~git20131207+dfsg-1ubuntu1.1_amd64.deb ...
Unpacking libkrb5-26-heimdal:amd64 (1.6~git20131207+dfsg-1ubuntu1.1) ...
Selecting previously unselected package libheimntlm0-heimdal:amd64.
Preparing to unpack .../libheimntlm0-heimdal_1.6~git20131207+dfsg-1ubuntu1.1_amd64.deb ...
Unpacking libheimntlm0-heimdal:amd64 (1.6~git20131207+dfsg-1ubuntu1.1) ...
Selecting previously unselected package libgssapi3-heimdal:amd64.
Preparing to unpack .../libgssapi3-heimdal_1.6~git20131207+dfsg-1ubuntu1.1_amd64.deb ...
Unpacking libgssapi3-heimdal:amd64 (1.6~git20131207+dfsg-1ubuntu1.1) ...
Selecting previously unselected package libsasl2-modules-db:amd64.
Preparing to unpack .../libsasl2-modules-db_2.1.25.dfsg1-17build1_amd64.deb ...
Unpacking libsasl2-modules-db:amd64 (2.1.25.dfsg1-17build1) ...
Selecting previously unselected package libsasl2-2:amd64.
Preparing to unpack .../libsasl2-2_2.1.25.dfsg1-17build1_amd64.deb ...
Unpacking libsasl2-2:amd64 (2.1.25.dfsg1-17build1) ...
Selecting previously unselected package libldap-2.4-2:amd64.
Preparing to unpack .../libldap-2.4-2_2.4.31-1+nmu2ubuntu8.3_amd64.deb ...
Unpacking libldap-2.4-2:amd64 (2.4.31-1+nmu2ubuntu8.3) ...
Selecting previously unselected package librtmp0:amd64.
Preparing to unpack .../librtmp0_2.4+20121230.gitdf6c518-1_amd64.deb ...
Unpacking librtmp0:amd64 (2.4+20121230.gitdf6c518-1) ...
Selecting previously unselected package libcurl3-gnutls:amd64.
Preparing to unpack .../libcurl3-gnutls_7.35.0-1ubuntu2.9_amd64.deb ...
Unpacking libcurl3-gnutls:amd64 (7.35.0-1ubuntu2.9) ...
Selecting previously unselected package libedit2:amd64.
Preparing to unpack .../libedit2_3.1-20130712-2_amd64.deb ...
Unpacking libedit2:amd64 (3.1-20130712-2) ...
Selecting previously unselected package libxau6:amd64.
Preparing to unpack .../libxau6_1%3a1.0.8-1_amd64.deb ...
Unpacking libxau6:amd64 (1:1.0.8-1) ...
Selecting previously unselected package libxdmcp6:amd64.
Preparing to unpack .../libxdmcp6_1%3a1.1.1-1_amd64.deb ...
Unpacking libxdmcp6:amd64 (1:1.1.1-1) ...
Selecting previously unselected package libxcb1:amd64.
Preparing to unpack .../libxcb1_1.10-2ubuntu1_amd64.deb ...
Unpacking libxcb1:amd64 (1.10-2ubuntu1) ...
Selecting previously unselected package libx11-data.
Preparing to unpack .../libx11-data_2%3a1.6.2-1ubuntu2_all.deb ...
Unpacking libx11-data (2:1.6.2-1ubuntu2) ...
Selecting previously unselected package libx11-6:amd64.
Preparing to unpack .../libx11-6_2%3a1.6.2-1ubuntu2_amd64.deb ...
Unpacking libx11-6:amd64 (2:1.6.2-1ubuntu2) ...
Selecting previously unselected package libxext6:amd64.
Preparing to unpack .../libxext6_2%3a1.3.2-1ubuntu0.0.14.04.1_amd64.deb ...
Unpacking libxext6:amd64 (2:1.3.2-1ubuntu0.0.14.04.1) ...
Selecting previously unselected package libxmuu1:amd64.
Preparing to unpack .../libxmuu1_2%3a1.1.1-1_amd64.deb ...
Unpacking libxmuu1:amd64 (2:1.1.1-1) ...
Selecting previously unselected package libcurl3:amd64.
Preparing to unpack .../libcurl3_7.35.0-1ubuntu2.9_amd64.deb ...
Unpacking libcurl3:amd64 (7.35.0-1ubuntu2.9) ...
Selecting previously unselected package openssl.
Preparing to unpack .../openssl_1.0.1f-1ubuntu2.19_amd64.deb ...
Unpacking openssl (1.0.1f-1ubuntu2.19) ...
Selecting previously unselected package ca-certificates.
Preparing to unpack .../ca-certificates_20160104ubuntu0.14.04.1_all.deb ...
Unpacking ca-certificates (20160104ubuntu0.14.04.1) ...
Selecting previously unselected package krb5-locales.
Preparing to unpack .../krb5-locales_1.12+dfsg-2ubuntu5.2_all.deb ...
Unpacking krb5-locales (1.12+dfsg-2ubuntu5.2) ...
Selecting previously unselected package libsasl2-modules:amd64.
Preparing to unpack .../libsasl2-modules_2.1.25.dfsg1-17build1_amd64.deb ...
Unpacking libsasl2-modules:amd64 (2.1.25.dfsg1-17build1) ...
Selecting previously unselected package lsof.
Preparing to unpack .../lsof_4.86+dfsg-1ubuntu2_amd64.deb ...
Unpacking lsof (4.86+dfsg-1ubuntu2) ...
Selecting previously unselected package openssh-client.
Preparing to unpack .../openssh-client_1%3a6.6p1-2ubuntu2.8_amd64.deb ...
Unpacking openssh-client (1:6.6p1-2ubuntu2.8) ...
Selecting previously unselected package rsync.
Preparing to unpack .../rsync_3.1.0-2ubuntu0.2_amd64.deb ...
Unpacking rsync (3.1.0-2ubuntu0.2) ...
Selecting previously unselected package xauth.
Preparing to unpack .../xauth_1%3a1.0.7-1ubuntu1_amd64.deb ...
Unpacking xauth (1:1.0.7-1ubuntu1) ...
Selecting previously unselected package curl.
Preparing to unpack .../curl_7.35.0-1ubuntu2.9_amd64.deb ...
Unpacking curl (7.35.0-1ubuntu2.9) ...
Selecting previously unselected package liberror-perl.
Preparing to unpack .../liberror-perl_0.17-1.1_all.deb ...
Unpacking liberror-perl (0.17-1.1) ...
Selecting previously unselected package git-man.
Preparing to unpack .../git-man_1%3a1.9.1-1ubuntu0.3_all.deb ...
Unpacking git-man (1:1.9.1-1ubuntu0.3) ...
Selecting previously unselected package git.
Preparing to unpack .../git_1%3a1.9.1-1ubuntu0.3_amd64.deb ...
Unpacking git (1:1.9.1-1ubuntu0.3) ...
Selecting previously unselected package libc6-i386.
Preparing to unpack .../libc6-i386_2.19-0ubuntu6.9_amd64.deb ...
Unpacking libc6-i386 (2.19-0ubuntu6.9) ...
Selecting previously unselected package patch.
Preparing to unpack .../patch_2.7.1-4ubuntu2.3_amd64.deb ...
Unpacking patch (2.7.1-4ubuntu2.3) ...
Selecting previously unselected package lib32gcc1.
Preparing to unpack .../lib32gcc1_1%3a4.9.3-0ubuntu4_amd64.deb ...
Unpacking lib32gcc1 (1:4.9.3-0ubuntu4) ...
Processing triggers for ureadahead (0.100.0-16) ...
Setting up libroken18-heimdal:amd64 (1.6~git20131207+dfsg-1ubuntu1.1) ...
Setting up libasn1-8-heimdal:amd64 (1.6~git20131207+dfsg-1ubuntu1.1) ...
Setting up libkrb5support0:amd64 (1.12+dfsg-2ubuntu5.2) ...
Setting up libk5crypto3:amd64 (1.12+dfsg-2ubuntu5.2) ...
Setting up libkeyutils1:amd64 (1.5.6-1) ...
Setting up libkrb5-3:amd64 (1.12+dfsg-2ubuntu5.2) ...
Setting up libgssapi-krb5-2:amd64 (1.12+dfsg-2ubuntu5.2) ...
Setting up libidn11:amd64 (1.28-1ubuntu2.1) ...
Setting up libhcrypto4-heimdal:amd64 (1.6~git20131207+dfsg-1ubuntu1.1) ...
Setting up libheimbase1-heimdal:amd64 (1.6~git20131207+dfsg-1ubuntu1.1) ...
Setting up libwind0-heimdal:amd64 (1.6~git20131207+dfsg-1ubuntu1.1) ...
Setting up libhx509-5-heimdal:amd64 (1.6~git20131207+dfsg-1ubuntu1.1) ...
Setting up libkrb5-26-heimdal:amd64 (1.6~git20131207+dfsg-1ubuntu1.1) ...
Setting up libheimntlm0-heimdal:amd64 (1.6~git20131207+dfsg-1ubuntu1.1) ...
Setting up libgssapi3-heimdal:amd64 (1.6~git20131207+dfsg-1ubuntu1.1) ...
Setting up libsasl2-modules-db:amd64 (2.1.25.dfsg1-17build1) ...
Setting up libsasl2-2:amd64 (2.1.25.dfsg1-17build1) ...
Setting up libldap-2.4-2:amd64 (2.4.31-1+nmu2ubuntu8.3) ...
Setting up librtmp0:amd64 (2.4+20121230.gitdf6c518-1) ...
Setting up libcurl3-gnutls:amd64 (7.35.0-1ubuntu2.9) ...
Setting up libedit2:amd64 (3.1-20130712-2) ...
Setting up libxau6:amd64 (1:1.0.8-1) ...
Setting up libxdmcp6:amd64 (1:1.1.1-1) ...
Setting up libxcb1:amd64 (1.10-2ubuntu1) ...
Setting up libx11-data (2:1.6.2-1ubuntu2) ...
Setting up libx11-6:amd64 (2:1.6.2-1ubuntu2) ...
Setting up libxext6:amd64 (2:1.3.2-1ubuntu0.0.14.04.1) ...
Setting up libxmuu1:amd64 (2:1.1.1-1) ...
Setting up libcurl3:amd64 (7.35.0-1ubuntu2.9) ...
Setting up openssl (1.0.1f-1ubuntu2.19) ...
Setting up ca-certificates (20160104ubuntu0.14.04.1) ...
[91mdebconf: unable to initialize frontend: Dialog
debconf: (TERM is not set, so the dialog frontend is not usable.)
debconf: falling back to frontend: Readline
[0m[91mdebconf: unable to initialize frontend: Readline
debconf: (This frontend requires a controlling tty.)
debconf: falling back to frontend: Teletype
[0mSetting up krb5-locales (1.12+dfsg-2ubuntu5.2) ...
Setting up libsasl2-modules:amd64 (2.1.25.dfsg1-17build1) ...
Setting up lsof (4.86+dfsg-1ubuntu2) ...
Setting up openssh-client (1:6.6p1-2ubuntu2.8) ...
Setting up rsync (3.1.0-2ubuntu0.2) ...
 Removing any system startup links for /etc/init.d/rsync ...
[91mupdate-rc.d: warning: default stop runlevel arguments (0 1 6) do not match rsync Default-Stop values (none)
[0m Adding system startup for /etc/init.d/rsync ...
   /etc/rc0.d/K20rsync -> ../init.d/rsync
   /etc/rc1.d/K20rsync -> ../init.d/rsync
   /etc/rc6.d/K20rsync -> ../init.d/rsync
   /etc/rc2.d/S20rsync -> ../init.d/rsync
   /etc/rc3.d/S20rsync -> ../init.d/rsync
   /etc/rc4.d/S20rsync -> ../init.d/rsync
   /etc/rc5.d/S20rsync -> ../init.d/rsync
[91minvoke-rc.d: policy-rc.d denied execution of restart.
[0mSetting up xauth (1:1.0.7-1ubuntu1) ...
Setting up curl (7.35.0-1ubuntu2.9) ...
Setting up liberror-perl (0.17-1.1) ...
Setting up git-man (1:1.9.1-1ubuntu0.3) ...
Setting up git (1:1.9.1-1ubuntu0.3) ...
Setting up libc6-i386 (2.19-0ubuntu6.9) ...
Setting up patch (2.7.1-4ubuntu2.3) ...
Setting up lib32gcc1 (1:4.9.3-0ubuntu4) ...
Processing triggers for libc-bin (2.19-0ubuntu6.9) ...
Processing triggers for ca-certificates (20160104ubuntu0.14.04.1) ...
Updating certificates in /etc/ssl/certs... 173 added, 0 removed; done.
Running hooks in /etc/ca-certificates/update.d....done.
Processing triggers for ureadahead (0.100.0-16) ...
 ---> 9bdb2d8ea982
Removing intermediate container 6c19c4737c33
Step 18 : RUN sed -i.bkp -e 	's/%sudo\s\+ALL=(ALL\(:ALL\)\?)\s\+ALL/%sudo ALL=NOPASSWD:ALL/g' /etc/sudoers 	/etc/sudoers
 ---> Running in 7ebcc659dffa
 ---> 0b53ffad62fb
Removing intermediate container 7ebcc659dffa
Step 19 : RUN adduser 	--disabled-login 	--shell /bin/bash 	--gecos "" 	steam
 ---> Running in 342a3bfa14ae
Adding user `steam' ...
Adding new group `steam' (1000) ...
Adding new user `steam' (1000) with group `steam' ...
Creating home directory `/home/steam' ...
Copying files from `/etc/skel' ...
 ---> c37166fddb7f
Removing intermediate container 342a3bfa14ae
Step 20 : RUN usermod -a -G sudo steam
 ---> Running in 6496959b6bbf
 ---> 2b342bf74f2c
Removing intermediate container 6496959b6bbf
Step 21 : COPY run.sh /home/steam/run.sh
 ---> 91079bc00ead
Removing intermediate container f38783fc9dfc
Step 22 : COPY user.sh /home/steam/user.sh
 ---> 3b1c91e34979
Removing intermediate container d9a98d948c30
Step 23 : COPY crontab /home/steam/crontab
 ---> da1f0d28a1e4
Removing intermediate container 22a073b63190
Step 24 : COPY arkmanager-user.cfg /home/steam/arkmanager.cfg
 ---> f1ed080cf685
Removing intermediate container fa11336265de
Step 25 : RUN touch /root/.bash_profile
 ---> Running in ee14c639bd1a
 ---> 421623d450fb
Removing intermediate container ee14c639bd1a
Step 26 : RUN chmod 777 /home/steam/run.sh
 ---> Running in 11154361dec6
 ---> ac1b65f5bdcd
Removing intermediate container 11154361dec6
Step 27 : RUN chmod 777 /home/steam/user.sh
 ---> Running in 84c9e496ab0e
 ---> 85363a27d242
Removing intermediate container 84c9e496ab0e
Step 28 : RUN mkdir  /ark
 ---> Running in d96aff879961
 ---> b3b855fa9ca1
Removing intermediate container d96aff879961
Step 29 : RUN git clone https://github.com/FezVrasta/ark-server-tools.git /home/steam/ark-server-tools
 ---> Running in 69370fa3a4d4
[91mCloning into '/home/steam/ark-server-tools'...
[0m ---> 0b98453b7486
Removing intermediate container 69370fa3a4d4
Step 30 : WORKDIR /home/steam/ark-server-tools/
 ---> Running in ce81fc0ceab5
 ---> 3f697de24139
Removing intermediate container ce81fc0ceab5
Step 31 : RUN git checkout $GIT_TAG
 ---> Running in cfc042f7417e
[91mNote: checking out 'v1.5'.

You are in 'detached HEAD' state. You can look around, make experimental
changes and commit them, and you can discard any commits you make in this
state without impacting any branches by performing another checkout.

If you want to create a new branch to retain commits you create, you may
do so (now or later) by using -b with the checkout command again. Example:

  git checkout -b new_branch_name

HEAD is now at 46f8c16... Merge pull request #399 from FezVrasta/1.5-dev
[0m ---> 4b2c2139e6cd
Removing intermediate container cfc042f7417e
Step 32 : WORKDIR /home/steam/ark-server-tools/tools
 ---> Running in b06e42e2ecc1
 ---> d073ab0a3ac4
Removing intermediate container b06e42e2ecc1
Step 33 : RUN chmod +x install.sh
 ---> Running in 5a13dbd3a8dd
 ---> 0f36c2b8b7e6
Removing intermediate container 5a13dbd3a8dd
Step 34 : RUN ./install.sh steam
 ---> Running in f901e4297074
 Adding system startup for /etc/init.d/arkmanager ...
   /etc/rc0.d/K20arkmanager -> ../init.d/arkmanager
   /etc/rc1.d/K20arkmanager -> ../init.d/arkmanager
   /etc/rc6.d/K20arkmanager -> ../init.d/arkmanager
   /etc/rc2.d/S20arkmanager -> ../init.d/arkmanager
   /etc/rc3.d/S20arkmanager -> ../init.d/arkmanager
   /etc/rc4.d/S20arkmanager -> ../init.d/arkmanager
   /etc/rc5.d/S20arkmanager -> ../init.d/arkmanager
Ark server will now start on boot, if you want to remove this feature run the following line
update-rc.d -f arkmanager remove
 ---> 9f55ccc8ad2f
Removing intermediate container f901e4297074
Step 35 : RUN ln -s /usr/local/bin/arkmanager /usr/bin/arkmanager
 ---> Running in ab018e305cde
 ---> 2c10c3330244
Removing intermediate container ab018e305cde
Step 36 : COPY arkmanager-system.cfg /etc/arkmanager/arkmanager.cfg
 ---> fa2f27b76914
Removing intermediate container b805ccdbbbee
Step 37 : COPY instance.cfg /etc/arkmanager/instances/main.cfg
 ---> b308232900c3
Removing intermediate container 48b168048131
Step 38 : RUN chown steam -R /ark && chmod 755 -R /ark
 ---> Running in bf753b25e52f
 ---> 8c222a7e7b52
Removing intermediate container bf753b25e52f
Step 39 : RUN mkdir /home/steam/steamcmd &&	cd /home/steam/steamcmd &&	curl http://media.steampowered.com/installer/steamcmd_linux.tar.gz | tar -vxz
 ---> Running in 67c9200272e5
[91m  % Total    % Received % Xferd  Average Speed   Time    Time     Time  Current
                                 Dload  Upload   Total   Spent    Left  Speed
  0     0    0     0    0     0      0      0 --:--:-- --:--:-- --:--:--     0[0mlinux32/
linux32/libstdc++.so.6
linux32/steamcmd
[91m100 3096k  100 3096k    0     0  12.6M      0 --:--:-- --:--:-- --:--:--[0m[91m 12.7M
[0msteamcmd.sh
steam.sh
 ---> c39fe3cc817c
Removing intermediate container 67c9200272e5
Step 40 : EXPOSE ${STEAMPORT} 32330 ${SERVERPORT}
 ---> Running in e2105e4085e3
 ---> edaf759de72e
Removing intermediate container e2105e4085e3
Step 41 : EXPOSE ${STEAMPORT}/udp ${SERVERPORT}/udp
 ---> Running in f1e2bcfd527c
 ---> b1f007040b33
Removing intermediate container f1e2bcfd527c
Step 42 : VOLUME /ark
 ---> Running in 38cbef1a6a52
 ---> ccf7095f7c68
Removing intermediate container 38cbef1a6a52
Step 43 : WORKDIR /ark
 ---> Running in 2cab46154761
 ---> d7677fa8b307
Removing intermediate container 2cab46154761
Step 44 : ENTRYPOINT /home/steam/user.sh
 ---> Running in 74609cfb2181
 ---> e0843f0c26c1
Removing intermediate container 74609cfb2181
Successfully built e0843f0c26c1
lets create ark docker container
b97cbdd2a375c2204f9b30a5ea9a43016586d99e7951ad3a0d738d50c4774058
CONTAINER ID        IMAGE               COMMAND                  CREATED             STATUS                  PORTS               NAMES
b97cbdd2a375        ark                 "/home/steam/user.sh"    1 seconds ago       Up Less than a second                       ark
2d6a026f6c7b        plex                "/start.sh"              2 days ago          Up 2 days                                   plex
24cf3062f058        plexpy              "/init"                  4 days ago          Up 2 days                                   plexpy
5bfb99448499        noip                "/bin/sh -c /root/noi"   7 days ago          Up 2 days                                   noip
3ad7e53cfffe        tvheadend           "/init /entrypoint.sh"   7 days ago          Up 2 days                                   tvheadend
03e6c3f79d3b        sonarr              "/init /entrypoint.sh"   7 days ago          Up 2 days                                   sonarr
7bb0e29564e4        oscam               "/sbin/my_init"          7 days ago          Up 2 days                                   oscam
eec842f0268a        headphones          "/sbin/my_init"          7 days ago          Up 2 days                                   headphones
975c0ce8b0df        couchpotato         "/couchpotato.sh"        7 days ago          Up 44 hours                                 couchpotato
