2016-11-01 02:07:16,064 (7fb88ded0700) :  INFO (core:349) - Starting framework core - Version: 2.6.3, Build: a68e2fe (Fri Sep 30 01:34:01 UTC 2016)
2016-11-01 02:07:16,065 (7fb88ded0700) :  DEBUG (core:361) - Using the elevated policy
2016-11-01 02:07:16,065 (7fb88ded0700) :  DEBUG (core:365) - Extending whitelist: ['cgi', 'tempfile']
2016-11-01 02:07:16,065 (7fb88ded0700) :  DEBUG (core:450) - Starting runtime component.
2016-11-01 02:07:16,066 (7fb88ded0700) :  DEBUG (core:450) - Starting caching component.
2016-11-01 02:07:16,066 (7fb88ded0700) :  DEBUG (core:450) - Starting data component.
2016-11-01 02:07:16,066 (7fb88ded0700) :  DEBUG (core:450) - Starting networking component.
2016-11-01 02:07:16,066 (7fb88ded0700) :  DEBUG (networking:284) - Loaded HTTP cookies
2016-11-01 02:07:16,067 (7fb88ded0700) :  DEBUG (networking:452) - Setting the default network timeout to 20.0
2016-11-01 02:07:16,067 (7fb88ded0700) :  DEBUG (core:450) - Starting localization component.
2016-11-01 02:07:16,067 (7fb88ded0700) :  INFO (localization:409) - Setting the default locale to en-us
2016-11-01 02:07:16,068 (7fb88ded0700) :  DEBUG (localization:427) - Loaded en strings
2016-11-01 02:07:16,068 (7fb88ded0700) :  DEBUG (core:450) - Starting messaging component.
2016-11-01 02:07:16,068 (7fb88ded0700) :  DEBUG (core:450) - Starting debugging component.
2016-11-01 02:07:16,068 (7fb88ded0700) :  DEBUG (core:450) - Starting services component.
2016-11-01 02:07:16,068 (7fb88ded0700) :  DEBUG (core:450) - Starting myplex component.
2016-11-01 02:07:16,068 (7fb88ded0700) :  DEBUG (core:450) - Starting notifications component.
2016-11-01 02:07:16,142 (7fb88ded0700) :  DEBUG (accessor:68) - Creating a new model access point for provider com.plexapp.system in namespace 'metadata'
2016-11-01 02:07:16,151 (7fb86a7fc700) :  DEBUG (services:265) - Plug-in is not daemonized - loading services from system
2016-11-01 02:07:16,151 (7fb88ded0700) :  DEBUG (runtime:1117) - Created a thread named 'load_all_services'
2016-11-01 02:07:16,151 (7fb86a7fc700) :  DEBUG (networking:166) - Requesting 'http://127.0.0.1:32400/:/plugins/com.plexapp.system/messaging/function/X0J1bmRsZVNlcnZpY2U6QWxsU2VydmljZXM_/Y2VyZWFsMQoxCmxpc3QKMApyMAo_/Y2VyZWFsMQoxCmRpY3QKMApyMAo_'
2016-11-01 02:07:16,152 (7fb8697fa700) :  DEBUG (networking:166) - Requesting 'http://127.0.0.1:32400'
2016-11-01 02:07:16,153 (7fb88ded0700) :  DEBUG (runtime:1117) - Created a thread named 'get_server_info'
2016-11-01 02:07:16,153 (7fb88ded0700) :  DEBUG (core:150) - Finished starting framework core
2016-11-01 02:07:16,153 (7fb88ded0700) :  DEBUG (core:560) - Loading plug-in code
2016-11-01 02:07:16,166 (7fb88ded0700) :  DEBUG (core:566) - Finished loading plug-in code
2016-11-01 02:07:16,167 (7fb88ded0700) :  DEBUG (runtime:640) - Adding a prefix handler for 'System' ('/system')
2016-11-01 02:07:16,797 (7fb88ded0700) :  INFO (__init__:40) - Starting System a68e2fe (Fri Sep 30 01:34:01 UTC 2016)
2016-11-01 02:07:16,797 (7fb88ded0700) :  DEBUG (runtime:640) - Adding a prefix handler for 'Player' ('/player')
2016-11-01 02:07:16,803 (7fb88ded0700) :  INFO (datakit:93) - Loaded the dictionary file
2016-11-01 02:07:16,804 (7fb88ded0700) :  DEBUG (agentservice:48) - Starting the agent service
2016-11-01 02:07:16,905 (7fb88ded0700) :  DEBUG (accessor:68) - Creating a new model access point for provider com.plexapp.system in namespace 'metadata'
2016-11-01 02:07:16,910 (7fb88ded0700) :  DEBUG (bundleservice:69) - Starting the bundle service
2016-11-01 02:07:16,911 (7fb88ded0700) :  DEBUG (runtime:1117) - Created a thread named 'start'
2016-11-01 02:07:16,911 (7fb88ded0700) :  DEBUG (helpservice:14) - Starting the help service
2016-11-01 02:07:16,911 (7fb88ded0700) :  DEBUG (storeservice:198) - Starting the store service
2016-11-01 02:07:16,912 (7fb84b7fe700) :  DEBUG (runtime:1117) - Created a thread named 'ensure_agent_info_exists_inner'
2016-11-01 02:07:16,915 (7fb88ded0700) :  DEBUG (runtime:1117) - Created a thread named 'start'
2016-11-01 02:07:16,915 (7fb84affd700) :  DEBUG (networking:166) - Requesting 'http://127.0.0.1:32400'
2016-11-01 02:07:16,916 (7fb88ded0700) :  DEBUG (installservice:30) - Starting the install service
2016-11-01 02:07:16,918 (7fb88ded0700) :  DEBUG (playerservice:12) - Starting the player service
2016-11-01 02:07:16,919 (7fb88ded0700) :  DEBUG (flagservice:13) - Starting the media flag service
2016-11-01 02:07:16,919 (7fb88ded0700) :  DEBUG (runtime:1117) - Created a thread named 'start'
2016-11-01 02:07:16,919 (7fb88ded0700) :  DEBUG (peerservice:141) - Starting the peer service
2016-11-01 02:07:16,920 (7fb849ffb700) :  DEBUG (peerservice:164) - Fetching the current list of servers
2016-11-01 02:07:16,921 (7fb849ffb700) :  DEBUG (networking:166) - Requesting 'http://127.0.0.1:32400/servers'
2016-11-01 02:07:16,921 (7fb88ded0700) :  DEBUG (runtime:1117) - Created a thread named 'refresh_servers'
2016-11-01 02:07:16,922 (7fb84b7fe700) :  DEBUG (runtime:1117) - Created a thread named 'ensure_agent_info_exists_inner'
2016-11-01 02:07:16,922 (7fb88ded0700) :  DEBUG (runtime:1150) - Scheduled a timed thread named 'refresh_servers'
2016-11-01 02:07:16,923 (7fb88ded0700) :  DEBUG (streamservice:18) - Starting the stream service
2016-11-01 02:07:16,923 (7fb88ded0700) :  CRITICAL (runtime:709) - Private handlers are no longer supported; couldn't register <bound method StreamService.token_handler of <streamservice.StreamService object at 0x2efd550>>
2016-11-01 02:07:16,923 (7fb88ded0700) :  DEBUG (runtime:1150) - Scheduled a timed thread named 'invalidation_timer'
2016-11-01 02:07:16,924 (7fb88ded0700) :  DEBUG (proxyservice:12) - Starting the proxy service
2016-11-01 02:07:16,925 (7fb88ded0700) :  DEBUG (runtime:1117) - Created a thread named 'update_attribution_flags_inner'
2016-11-01 02:07:16,925 (7fb88ded0700) :  INFO (core:611) - Started plug-in
2016-11-01 02:07:16,925 (7fb84b7fe700) :  DEBUG (runtime:1117) - Created a thread named 'ensure_agent_info_exists_inner'
2016-11-01 02:07:16,925 (7fb88ded0700) :  DEBUG (socketinterface:160) - Starting socket server
2016-11-01 02:07:16,927 (7fb84b7fe700) :  DEBUG (runtime:1117) - Created a thread named 'ensure_agent_info_exists_inner'
2016-11-01 02:07:16,927 (7fb88ded0700) :  DEBUG (runtime:1117) - Created a thread named 'start'
2016-11-01 02:07:16,927 (7fb88ded0700) :  INFO (socketinterface:184) - Socket server started on port 42059
2016-11-01 02:07:16,928 (7fb88ded0700) :  INFO (pipeinterface:25) - Entering run loop
2016-11-01 02:07:16,928 (7fb88ded0700) :  DEBUG (runtime:717) - Handling request GET /:/prefixes
2016-11-01 02:07:16,930 (7fb88ded0700) :  DEBUG (runtime:814) - Found route matching /:/prefixes
2016-11-01 02:07:16,930 (7fb84b7fe700) :  DEBUG (runtime:1117) - Created a thread named 'ensure_agent_info_exists_inner'
2016-11-01 02:07:16,931 (7fb88ded0700) :  DEBUG (runtime:924) - Response: [200] MediaContainer, 486 bytes
2016-11-01 02:07:16,933 (7fb84b7fe700) :  DEBUG (runtime:1117) - Created a thread named 'ensure_agent_info_exists_inner'
2016-11-01 02:07:16,934 (7fb84b7fe700) :  DEBUG (runtime:1117) - Created a thread named 'ensure_agent_info_exists_inner'
2016-11-01 02:07:16,934 (7fb84b7fe700) :  DEBUG (runtime:1117) - Created a thread named 'ensure_agent_info_exists_inner'
2016-11-01 02:07:16,935 (7fb84b7fe700) :  DEBUG (runtime:1117) - Created a thread named 'ensure_agent_info_exists_inner'
2016-11-01 02:07:16,935 (7fb84b7fe700) :  DEBUG (runtime:1117) - Created a thread named 'ensure_agent_info_exists_inner'
2016-11-01 02:07:16,936 (7fb84b7fe700) :  DEBUG (runtime:1117) - Created a thread named 'ensure_agent_info_exists_inner'
2016-11-01 02:07:16,937 (7fb84b7fe700) :  DEBUG (runtime:1117) - Created a thread named 'ensure_agent_info_exists_inner'
2016-11-01 02:07:16,938 (7fb84b7fe700) :  DEBUG (runtime:1117) - Created a thread named 'ensure_agent_info_exists_inner'
2016-11-01 02:07:16,960 (7fb84b7fe700) :  DEBUG (runtime:1117) - Created a thread named 'remove_unavailable_agents'
2016-11-01 02:07:16,960 (7fb84b7fe700) :  DEBUG (bundleservice:85) - Started the bundle service
2016-11-01 02:07:16,962 (7fb84a7fc700) :  DEBUG (flagservice:46) - Started the media flag service
2016-11-01 02:07:16,965 (7fb843fff700) :  INFO (agentservice:121) - Agent info: {'com.plexapp.agents.fanarttv': [{'media_types': ['Movie'], 'accepts_from': None, 'fallback_agent': None, 'contributes_to': ['com.plexapp.agents.imdb', 'com.plexapp.agents.themoviedb'], 'has_attribution': True, 'languages': ['xn'], 'persist_stored_files': True, 'version': 0, 'primary_provider': False, 'prefs': True, 'name': 'Fanart.tv'}, {'media_types': ['TV_Show'], 'accepts_from': None, 'fallback_agent': None, 'contributes_to': ['com.plexapp.agents.thetvdb', 'com.plexapp.agents.themoviedb'], 'has_attribution': True, 'languages': ['xn'], 'persist_stored_files': True, 'version': 0, 'primary_provider': False, 'prefs': True, 'name': 'Fanart.tv'}, {'media_types': ['Artist'], 'accepts_from': None, 'fallback_agent': None, 'contributes_to': ['com.plexapp.agents.lastfm'], 'has_attribution': True, 'languages': ['xn'], 'persist_stored_files': True, 'version': 0, 'primary_provider': False, 'prefs': True, 'name': 'Fanart.tv'}, {'media_types': ['Album'], 'accepts_from': None, 'fallback_agent': None, 'contributes_to': ['com.plexapp.agents.lastfm'], 'has_attribution': True, 'languages': ['xn'], 'persist_stored_files': True, 'version': 0, 'primary_provider': False, 'prefs': True, 'name': 'Fanart.tv'}], 'com.plexapp.agents.none': [{'media_types': ['Movie'], 'accepts_from': None, 'fallback_agent': None, 'contributes_to': None, 'has_attribution': False, 'languages': ['xn'], 'persist_stored_files': True, 'version': 0, 'primary_provider': True, 'prefs': False, 'name': 'Personal Media'}, {'media_types': ['TV_Show'], 'accepts_from': None, 'fallback_agent': None, 'contributes_to': None, 'has_attribution': False, 'languages': ['xn'], 'persist_stored_files': True, 'version': 0, 'primary_provider': True, 'prefs': False, 'name': 'Personal Media Shows'}, {'media_types': ['Artist'], 'accepts_from': None, 'fallback_agent': None, 'contributes_to': None, 'has_attribution': False, 'languages': ['xn'], 'persist_stored_files': True, 'version': 0, 'primary_provider': True, 'prefs': False, 'name': 'Personal Media Artists'}, {'media_types': ['Album'], 'accepts_from': None, 'fallback_agent': None, 'contributes_to': None, 'has_attribution': False, 'languages': ['xn'], 'persist_stored_files': True, 'version': 0, 'primary_provider': True, 'prefs': False, 'name': 'Personal Media Albums'}, {'media_types': ['Photo'], 'accepts_from': None, 'fallback_agent': None, 'contributes_to': None, 'has_attribution': False, 'languages': ['xn'], 'persist_stored_files': True, 'version': 0, 'primary_provider': True, 'prefs': False, 'name': 'Photos'}], 'com.plexapp.agents.plexmusic': [{'media_types': ['Artist'], 'accepts_from': None, 'fallback_agent': None, 'contributes_to': ['com.plexapp.agents.localmedia'], 'has_attribution': True, 'languages': ['en', 'ar', 'bg', 'zh', 'hr', 'cs', 'da', 'nl', 'fi', 'fr', 'de', 'el', 'hu', 'id', 'it', 'ja', 'ko', 'nn', 'pl', 'pt', 'ro', 'ru', 'sr', 'sk', 'es', 'sv', 'th', 'tr', 'vi'], 'persist_stored_files': True, 'version': 0, 'primary_provider': True, 'prefs': True, 'name': 'Plex Premium Music'}, {'media_types': ['Album'], 'accepts_from': None, 'fallback_agent': None, 'contributes_to': ['com.plexapp.agents.localmedia'], 'has_attribution': True, 'languages': ['en', 'ar', 'bg', 'zh', 'hr', 'cs', 'da', 'nl', 'fi', 'fr', 'de', 'el', 'hu', 'id', 'it', 'ja', 'ko', 'nn', 'pl', 'pt', 'ro', 'ru', 'sr', 'sk', 'es', 'sv', 'th', 'tr', 'vi'], 'persist_stored_files': True, 'version': 0, 'primary_provider': True, 'prefs': True, 'name': 'Plex Premium Music'}], 'com.plexapp.agents.htbackdrops': [{'media_types': ['Artist'], 'accepts_from': None, 'fallback_agent': None, 'contributes_to': ['com.plexapp.agents.lastfm'], 'has_attribution': True, 'languages': ['ab', 'aa', 'af', 'ak', 'sq', 'am', 'ar', 'an', 'hy', 'as', 'av', 'ae', 'ay', 'az', 'bm', 'ba', 'eu', 'be', 'bn', 'bh', 'bi', 'bs', 'pb', 'br', 'bg', 'my', 'ca', 'ch', 'ce', 'ny', 'zh', 'cu', 'cv', 'kw', 'co', 'cr', 'hr', 'cs', 'da', 'dv', 'nl', 'dz', 'en', 'eo', 'et', 'ee', 'fo', 'fj', 'fi', 'fr', 'fy', 'ff', 'gd', 'gl', 'lg', 'ka', 'de', 'el', 'gn', 'gu', 'ht', 'ha', 'he', 'hz', 'hi', 'ho', 'hu', 'is', 'io', 'ig', 'id', 'ia', 'ie', 'iu', 'ik', 'ga', 'it', 'ja', 'jv', 'kl', 'kn', 'kr', 'ks', 'kk', 'km', 'ki', 'rw', 'ky', 'kv', 'kg', 'ko', 'kj', 'ku', 'lo', 'la', 'lv', 'li', 'ln', 'lt', 'lu', 'lb', 'mk', 'mg', 'ms', 'ml', 'mt', 'gv', 'mi', 'mr', 'mh', 'mo', 'mn', 'na', 'nv', 'ng', 'ne', 'xn', 'nd', 'no', 'nb', 'nn', 'oc', 'oj', 'or', 'om', 'os', 'pi', 'pa', 'fa', 'pl', 'pt', 'ps', 'qu', 'rm', 'ro', 'rn', 'ru', 'se', 'sm', 'sg', 'sa', 'sc', 'sr', 'sn', 'ii', 'sd', 'si', 'sk', 'sl', 'so', 'st', 'nr', 'es', 'su', 'sw', 'ss', 'sv', 'tl', 'ty', 'tg', 'ta', 'tt', 'te', 'th', 'bo', 'ti', 'to', 'ts', 'tn', 'tr', 'tk', 'tw', 'ug', 'uk', 'ur', 'uz', 've', 'vi', 'vo', 'wa', 'cy', 'wo', 'xh', 'yi', 'yo', 'za', 'zu'], 'persist_stored_files': True, 'version': 0, 'primary_provider': False, 'prefs': False, 'name': 'Home Theater Backdrops'}], 'com.plexapp.agents.imdb': [{'media_types': ['Movie'], 'accepts_from': ['com.plexapp.agents.localmedia'], 'fallback_agent': None, 'contributes_to': ['com.plexapp.agents.themoviedb'], 'has_attribution': True, 'languages': ['en', 'sv', 'fr', 'es', 'nl', 'de', 'it', 'da', 'ar', 'ca', 'zh', 'cs', 'et', 'fi', 'el', 'he', 'hi', 'hu', 'id', 'ja', 'ko', 'lv', 'no', 'fa', 'pl', 'pt', 'ro', 'ru', 'sk', 'th', 'tr', 'uk', 'vi'], 'persist_stored_files': True, 'version': 0, 'primary_provider': True, 'prefs': True, 'name': 'Plex Movie'}], 'com.plexapp.agents.lyricfind': [{'media_types': ['Album'], 'accepts_from': None, 'fallback_agent': None, 'contributes_to': ['com.plexapp.agents.plexmusic', 'com.plexapp.agents.localmedia', 'com.plexapp.agents.lastfm'], 'has_attribution': True, 'languages': ['xn'], 'persist_stored_files': True, 'version': 0, 'primary_provider': False, 'prefs': False, 'name': 'LyricFind'}], 'com.plexapp.agents.thetvdb': [{'media_types': ['TV_Show'], 'accepts_from': None, 'fallback_agent': None, 'contributes_to': None, 'has_attribution': True, 'languages': ['en', 'fr', 'zh', 'sv', 'no', 'da', 'fi', 'nl', 'de', 'it', 'es', 'pl', 'hu', 'el', 'tr', 'ru', 'he', 'ja', 'pt', 'cs', 'ko', 'sl', 'hr'], 'persist_stored_files': True, 'version': 0, 'primary_provider': True, 'prefs': True, 'name': 'TheTVDB'}], 'com.plexapp.agents.lastfm': [{'media_types': ['Artist'], 'accepts_from': None, 'fallback_agent': None, 'contributes_to': None, 'has_attribution': True, 'languages': ['en', 'sv', 'fr', 'es', 'de', 'pl', 'it', 'pt', 'ja', 'tr', 'ru', 'zh'], 'persist_stored_files': True, 'version': 0, 'primary_provider': True, 'prefs': True, 'name': 'Last.fm'}, {'media_types': ['Album'], 'accepts_from': None, 'fallback_agent': None, 'contributes_to': None, 'has_attribution': True, 'languages': ['en', 'sv', 'fr', 'es', 'de', 'pl', 'it', 'pt', 'ja', 'tr', 'ru', 'zh'], 'persist_stored_files': True, 'version': 0, 'primary_provider': True, 'prefs': True, 'name': 'Last.fm'}], 'com.plexapp.agents.themoviedb': [{'media_types': ['Movie'], 'accepts_from': ['com.plexapp.agents.localmedia'], 'fallback_agent': None, 'contributes_to': None, 'has_attribution': True, 'languages': ['en', 'cs', 'da', 'de', 'el', 'es', 'fi', 'fr', 'he', 'hr', 'hu', 'it', 'lv', 'nl', 'no', 'pl', 'pt', 'ru', 'sk', 'sv', 'th', 'tr', 'vi', 'zh', 'ko'], 'persist_stored_files': True, 'version': 0, 'primary_provider': True, 'prefs': True, 'name': 'The Movie Database'}, {'media_types': ['TV_Show'], 'accepts_from': ['com.plexapp.agents.localmedia', 'com.plexapp.agents.thetvdb'], 'fallback_agent': None, 'contributes_to': ['com.plexapp.agents.thetvdb'], 'has_attribution': True, 'languages': ['en', 'cs', 'da', 'de', 'el', 'es', 'fi', 'fr', 'he', 'hr', 'hu', 'it', 'lv', 'nl', 'no', 'pl', 'pt', 'ru', 'sk', 'sv', 'th', 'tr', 'vi', 'zh', 'ko'], 'persist_stored_files': True, 'version': 0, 'primary_provider': True, 'prefs': True, 'name': 'The Movie Database'}], 'com.plexapp.agents.opensubtitles': [{'media_types': ['Movie'], 'accepts_from': None, 'fallback_agent': None, 'contributes_to': ['com.plexapp.agents.imdb'], 'has_attribution': False, 'languages': ['xn'], 'persist_stored_files': True, 'version': 0, 'primary_provider': False, 'prefs': True, 'name': 'OpenSubtitles.org'}, {'media_types': ['TV_Show'], 'accepts_from': None, 'fallback_agent': None, 'contributes_to': ['com.plexapp.agents.thetvdb'], 'has_attribution': False, 'languages': ['xn'], 'persist_stored_files': True, 'version': 0, 'primary_provider': False, 'prefs': True, 'name': 'OpenSubtitles.org'}], 'com.plexapp.agents.movieposterdb': [{'media_types': ['Movie'], 'accepts_from': None, 'fallback_agent': None, 'contributes_to': ['com.plexapp.agents.imdb'], 'has_attribution': True, 'languages': ['xn'], 'persist_stored_files': True, 'version': 0, 'primary_provider': False, 'prefs': False, 'name': 'CineMaterial'}], 'com.plexapp.agents.localmedia': [{'media_types': ['Movie'], 'accepts_from': None, 'fallback_agent': None, 'contributes_to': ['com.plexapp.agents.imdb', 'com.plexapp.agents.none'], 'has_attribution': False, 'languages': ['xn'], 'persist_stored_files': False, 'version': 0, 'primary_provider': False, 'prefs': True, 'name': 'Local Media Assets (Movies)'}, {'media_types': ['TV_Show'], 'accepts_from': None, 'fallback_agent': None, 'contributes_to': ['com.plexapp.agents.thetvdb', 'com.plexapp.agents.none'], 'has_attribution': False, 'languages': ['xn'], 'persist_stored_files': False, 'version': 0, 'primary_provider': False, 'prefs': True, 'name': 'Local Media Assets (TV)'}, {'media_types': ['Artist'], 'accepts_from': None, 'fallback_agent': None, 'contributes_to': ['com.plexapp.agents.discogs', 'com.plexapp.agents.lastfm', 'com.plexapp.agents.plexmusic', 'com.plexapp.agents.none'], 'has_attribution': False, 'languages': ['xn'], 'persist_stored_files': False, 'version': 0, 'primary_provider': False, 'prefs': True, 'name': 'Local Media Assets (Artists)'}, {'media_types': ['Artist'], 'accepts_from': None, 'fallback_agent': None, 'contributes_to': ['com.plexapp.agents.plexmusic'], 'has_attribution': False, 'languages': ['xn'], 'persist_stored_files': False, 'version': 2, 'primary_provider': False, 'prefs': True, 'name': 'Local Media Assets (Artists)'}, {'media_types': ['Album'], 'accepts_from': None, 'fallback_agent': None, 'contributes_to': ['com.plexapp.agents.discogs', 'com.plexapp.agents.lastfm', 'com.plexapp.agents.plexmusic', 'com.plexapp.agents.none'], 'has_attribution': False, 'languages': ['xn'], 'persist_stored_files': False, 'version': 0, 'primary_provider': False, 'prefs': True, 'name': 'Local Media Assets (Albums)'}], 'com.plexapp.agents.plexthememusic': [{'media_types': ['TV_Show'], 'accepts_from': None, 'fallback_agent': None, 'contributes_to': ['com.plexapp.agents.thetvdb', 'com.plexapp.agents.thetvdbdvdorder', 'com.plexapp.agents.themoviedb'], 'has_attribution': False, 'languages': ['xn'], 'persist_stored_files': True, 'version': 0, 'primary_provider': False, 'prefs': False, 'name': 'Plex Theme Music'}]}
2016-11-01 02:07:16,969 (7fb843fff700) :  INFO (datakit:131) - Saved the dictionary file
2016-11-01 02:07:17,066 (7fb843fff700) :  DEBUG (runtime:717) - Handling request GET /system/agents
2016-11-01 02:07:17,091 (7fb843fff700) :  DEBUG (runtime:814) - Found route matching /system/agents
2016-11-01 02:07:17,092 (7fb8437fe700) :  DEBUG (runtime:717) - Handling request GET /system/notify/serverUpdated?host=127.0.0.1
2016-11-01 02:07:17,092 (7fb8437fe700) :  DEBUG (runtime:814) - Found route matching /system/notify/serverUpdated
2016-11-01 02:07:17,092 (7fb8437fe700) :  DEBUG (peerservice:386) - Handling server update notification (127.0.0.1)
2016-11-01 02:07:17,093 (7fb8437fe700) :  DEBUG (peerservice:189) - Updating servers (False/False True/True/True)
2016-11-01 02:07:17,093 (7fb8437fe700) :  DEBUG (peerservice:164) - Fetching the current list of servers
2016-11-01 02:07:17,093 (7fb8437fe700) :  DEBUG (networking:166) - Requesting 'http://127.0.0.1:32400/servers'
2016-11-01 02:07:17,097 (7fb843fff700) :  DEBUG (runtime:924) - Response: [200] MediaContainer, 7776 bytes
2016-11-01 02:07:17,145 (7fb84affd700) :  DEBUG (core:521) - Attribute 'machineIdentifier' set to '3f7d8b45fd54bdb4376458e561943efef8c613f8'
2016-11-01 02:07:17,146 (7fb84affd700) :  DEBUG (networking:166) - Requesting 'http://127.0.0.1:32400'
2016-11-01 02:07:17,147 (7fb849ffb700) :  DEBUG (peerservice:171) - Refreshing local server
2016-11-01 02:07:17,147 (7fb849ffb700) :  DEBUG (peerservice:189) - Updating servers (True/False True/True/True)
2016-11-01 02:07:17,147 (7fb849ffb700) :  DEBUG (peerservice:198) - Found 1 servers
2016-11-01 02:07:17,147 (7fb849ffb700) :  DEBUG (peerservice:230) - Creating new server gitserver.unixmen (3f7d8b45fd54bdb4376458e561943efef8c613f8)
2016-11-01 02:07:17,147 (7fb849ffb700) :  DEBUG (networking:166) - Requesting 'http://127.0.0.1:32400/library/sections'
2016-11-01 02:07:17,149 (7fb8697fa700) :  DEBUG (core:538) - Machine identifier is 3f7d8b45fd54bdb4376458e561943efef8c613f8
2016-11-01 02:07:17,149 (7fb8697fa700) :  DEBUG (core:539) - Server version is 1.2.0.2838-a68e2fe
2016-11-01 02:07:17,152 (7fb849ffb700) :  DEBUG (networking:166) - Requesting 'http://127.0.0.1:32400/channels/all'
2016-11-01 02:07:17,153 (7fb84affd700) :  DEBUG (core:521) - Attribute 'platformVersion' set to '4.7.7-200.fc24.x86_64 (#1 SMP Sat Oct 8 00:21:59 UTC 2016)'
2016-11-01 02:07:17,153 (7fb84affd700) :  DEBUG (networking:166) - Requesting 'https://plugins.plex.tv/apps/all.json?frameworkVersion=2.6.3&machineIdentifier=3f7d8b45fd54bdb4376458e561943efef8c613f8&os=Linux&osVersion=4.7.7-200.fc24.x86_64%20%28%231%20SMP%20Sat%20Oct%208%2000%3A21%3A59%20UTC%202016%29&cpu=i386&serverVersion=1.2.0.2838-a68e2fe&systemRevision=a68e2fe'
2016-11-01 02:07:17,157 (7fb8437fe700) :  DEBUG (peerservice:198) - Found 1 servers
2016-11-01 02:07:17,162 (7fb8437fe700) :  DEBUG (peerservice:214) - Ignoring 3f7d8b45fd54bdb4376458e561943efef8c613f8 because host != 127.0.0.1 (192.168.1.88)
2016-11-01 02:07:17,162 (7fb8437fe700) :  DEBUG (networking:166) - Requesting 'http://127.0.0.1:32400/library/sections'
2016-11-01 02:07:17,167 (7fb849ffb700) :  DEBUG (runtime:1117) - Created a thread named 'background_refresh'
2016-11-01 02:07:17,167 (7fb8697fa700) :  DEBUG (peerservice:176) - Background-refreshing remote servers
2016-11-01 02:07:17,167 (7fb8697fa700) :  DEBUG (peerservice:189) - Updating servers (False/True True/True/True)
2016-11-01 02:07:17,168 (7fb8697fa700) :  DEBUG (peerservice:198) - Found 1 servers
2016-11-01 02:07:17,170 (7fb843fff700) :  DEBUG (runtime:717) - Handling request GET /:/plugins/com.plexapp.system/messaging/function/X0J1bmRsZVNlcnZpY2U6QWxsU2VydmljZXM_/Y2VyZWFsMQoxCmxpc3QKMApyMAo_/Y2VyZWFsMQoxCmRpY3QKMApyMAo_
2016-11-01 02:07:17,178 (7fb843fff700) :  DEBUG (runtime:814) - Found route matching /:/plugins/com.plexapp.system/messaging/function/X0J1bmRsZVNlcnZpY2U6QWxsU2VydmljZXM_/Y2VyZWFsMQoxCmxpc3QKMApyMAo_/Y2VyZWFsMQoxCmRpY3QKMApyMAo_
2016-11-01 02:07:17,179 (7fb8437fe700) :  DEBUG (networking:166) - Requesting 'http://127.0.0.1:32400/channels/all'
2016-11-01 02:07:17,194 (7fb8437fe700) :  DEBUG (runtime:924) - Response: [200] str, 0 bytes
2016-11-01 02:07:17,195 (7fb843fff700) :  DEBUG (runtime:924) - Response: [200] str, 75120 bytes
2016-11-01 02:07:17,259 (7fb86a7fc700) :  DEBUG (services:362) - Loaded services
2016-11-01 02:07:17,261 (7fb869ffb700) :  DEBUG (services:438) - No shared code to load
2016-11-01 02:07:17,280 (7fb84affd700) :  DEBUG (preferences:258) - Loaded preferences from DefaultPrefs.json
2016-11-01 02:07:17,281 (7fb84affd700) :  DEBUG (preferences:178) - Loaded the user preferences for com.plexapp.system
2016-11-01 02:07:17,281 (7fb84affd700) :  INFO (storeservice:495) - No beta plugins.
2016-11-01 02:07:17,285 (7fb84affd700) :  INFO (storeservice:334) - Starting automatic update thread
2016-11-01 02:07:17,285 (7fb84affd700) :  DEBUG (runtime:1150) - Scheduled a timed thread named 'auto_update_thread'
2016-11-01 02:07:17,285 (7fb84affd700) :  DEBUG (storeservice:328) - Started the store service
2016-11-01 02:07:17,446 (7fb84affd700) :  DEBUG (runtime:717) - Handling request GET /system/messaging/clear_events/com.plexapp.agents.imdb
2016-11-01 02:07:17,447 (7fb84affd700) :  DEBUG (runtime:814) - Found route matching /system/messaging/clear_events/com.plexapp.agents.imdb
2016-11-01 02:07:17,448 (7fb84affd700) :  DEBUG (runtime:924) - Response: [200] str, 0 bytes
2016-11-01 02:07:17,524 (7fb84affd700) :  DEBUG (runtime:717) - Handling request GET /:/plugins/com.plexapp.system/resourceHashes
2016-11-01 02:07:17,525 (7fb84affd700) :  DEBUG (runtime:814) - Found route matching /:/plugins/com.plexapp.system/resourceHashes
2016-11-01 02:07:17,525 (7fb84affd700) :  DEBUG (networking:166) - Requesting 'http://resources-cdn.plexapp.com/hashes.json'
2016-11-01 02:07:17,627 (7fb84affd700) :  DEBUG (runtime:924) - Response: [200] str, 13276 bytes
2016-11-01 02:07:17,641 (7fb84affd700) :  DEBUG (runtime:717) - Handling request GET /:/plugins/com.plexapp.system/messaging/function/X0J1bmRsZVNlcnZpY2U6QWxsU2VydmljZXM_/Y2VyZWFsMQoxCmxpc3QKMApyMAo_/Y2VyZWFsMQoxCmRpY3QKMApyMAo_
2016-11-01 02:07:17,641 (7fb84affd700) :  DEBUG (runtime:814) - Found route matching /:/plugins/com.plexapp.system/messaging/function/X0J1bmRsZVNlcnZpY2U6QWxsU2VydmljZXM_/Y2VyZWFsMQoxCmxpc3QKMApyMAo_/Y2VyZWFsMQoxCmRpY3QKMApyMAo_
2016-11-01 02:07:17,659 (7fb84affd700) :  DEBUG (runtime:924) - Response: [200] str, 75120 bytes
2016-11-01 02:07:18,146 (7fb84affd700) :  DEBUG (runtime:717) - Handling request GET /:/plugins/com.plexapp.system/messaging/function/X0FnZW50U2VydmljZTpVcGRhdGVJbmZv/Y2VyZWFsMQoxCmxpc3QKMApyMAo_/Y2VyZWFsMQo3CmRpY3QKbGlzdApkaWN0Cmxpc3QKbGlzdApsaXN0Cmxpc3QKMgpzMjMKY29tLnBsZXhhcHAuYWdlbnRzLmltZGJzMTAKaWRlbnRpZmllcnIxCnMxMAphZ2VudF9pbmZvMQpyMgoxMApyMwpzMTEKbWVkaWFfdHlwZXNyNApzMTIKYWNjZXB0c19mcm9tbnMxNApmYWxsYmFja19hZ2VudHI1CnMxNApjb250cmlidXRlc190b3I2CnM5Cmxhbmd1YWdlc2IxczIwCnBlcnNpc3Rfc3RvcmVkX2ZpbGVzaTAKczcKdmVyc2lvbmIxczE2CnByaW1hcnlfcHJvdmlkZXJiMXM1CnByZWZzczEwClBsZXggTW92aWVzNApuYW1lMQpzNQpNb3ZpZTEKczI5CmNvbS5wbGV4YXBwLmFnZW50cy5sb2NhbG1lZGlhMQpzMjkKY29tLnBsZXhhcHAuYWdlbnRzLnRoZW1vdmllZGIzMwpzMgplbnMyCnN2czIKZnJzMgplc3MyCm5sczIKZGVzMgppdHMyCmRhczIKYXJzMgpjYXMyCnpoczIKY3NzMgpldHMyCmZpczIKZWxzMgpoZXMyCmhpczIKaHVzMgppZHMyCmphczIKa29zMgpsdnMyCm5vczIKZmFzMgpwbHMyCnB0czIKcm9zMgpydXMyCnNrczIKdGhzMgp0cnMyCnVrczIKdmlyMAo_
2016-11-01 02:07:18,147 (7fb84affd700) :  DEBUG (runtime:814) - Found route matching /:/plugins/com.plexapp.system/messaging/function/X0FnZW50U2VydmljZTpVcGRhdGVJbmZv/Y2VyZWFsMQoxCmxpc3QKMApyMAo_/Y2VyZWFsMQo3CmRpY3QKbGlzdApkaWN0Cmxpc3QKbGlzdApsaXN0Cmxpc3QKMgpzMjMKY29tLnBsZXhhcHAuYWdlbnRzLmltZGJzMTAKaWRlbnRpZmllcnIxCnMxMAphZ2VudF9pbmZvMQpyMgoxMApyMwpzMTEKbWVkaWFfdHlwZXNyNApzMTIKYWNjZXB0c19mcm9tbnMxNApmYWxsYmFja19hZ2VudHI1CnMxNApjb250cmlidXRlc190b3I2CnM5Cmxhbmd1YWdlc2IxczIwCnBlcnNpc3Rfc3RvcmVkX2ZpbGVzaTAKczcKdmVyc2lvbmIxczE2CnByaW1hcnlfcHJvdmlkZXJiMXM1CnByZWZzczEwClBsZXggTW92aWVzNApuYW1lMQpzNQpNb3ZpZTEKczI5CmNvbS5wbGV4YXBwLmFnZW50cy5sb2NhbG1lZGlhMQpzMjkKY29tLnBsZXhhcHAuYWdlbnRzLnRoZW1vdmllZGIzMwpzMgplbnMyCnN2czIKZnJzMgplc3MyCm5sczIKZGVzMgppdHMyCmRhczIKYXJzMgpjYXMyCnpoczIKY3NzMgpldHMyCmZpczIKZWxzMgpoZXMyCmhpczIKaHVzMgppZHMyCmphczIKa29zMgpsdnMyCm5vczIKZmFzMgpwbHMyCnB0czIKcm9zMgpydXMyCnNrczIKdGhzMgp0cnMyCnVrczIKdmlyMAo_
2016-11-01 02:07:18,148 (7fb84affd700) :  INFO (agentservice:167) - Receiving agent info from com.plexapp.agents.imdb: [{'media_types': ['Movie'], 'primary_provider': True, 'fallback_agent': None, 'contributes_to': ['com.plexapp.agents.themoviedb'], 'languages': ['en', 'sv', 'fr', 'es', 'nl', 'de', 'it', 'da', 'ar', 'ca', 'zh', 'cs', 'et', 'fi', 'el', 'he', 'hi', 'hu', 'id', 'ja', 'ko', 'lv', 'no', 'fa', 'pl', 'pt', 'ro', 'ru', 'sk', 'th', 'tr', 'uk', 'vi'], 'persist_stored_files': True, 'version': 0, 'accepts_from': ['com.plexapp.agents.localmedia'], 'prefs': True, 'name': 'Plex Movie'}]
2016-11-01 02:07:18,149 (7fb84affd700) :  DEBUG (runtime:924) - Response: [200] str, 16 bytes
2016-11-01 02:07:21,968 (7fb84a7fc700) :  INFO (datakit:131) - Saved the dictionary file
2016-11-01 02:08:17,285 (7fb86a7fc700) :  DEBUG (runtime:1156) - Starting timed thread named 'auto_update_thread'
2016-11-01 02:08:17,286 (7fb86a7fc700) :  INFO (storeservice:356) - Starting automatic update check
2016-11-01 02:08:17,286 (7fb86a7fc700) :  DEBUG (runtime:1117) - Created a thread named 'remove_unavailable_agents'
2016-11-01 02:08:17,287 (7fb86a7fc700) :  DEBUG (networking:166) - Requesting 'https://plugins.plex.tv/apps/all.json?frameworkVersion=2.6.3&machineIdentifier=3f7d8b45fd54bdb4376458e561943efef8c613f8&os=Linux&osVersion=4.7.7-200.fc24.x86_64%20%28%231%20SMP%20Sat%20Oct%208%2000%3A21%3A59%20UTC%202016%29&cpu=i386&serverVersion=1.2.0.2838-a68e2fe&systemRevision=a68e2fe'
2016-11-01 02:08:17,395 (7fb86a7fc700) :  INFO (storeservice:495) - No beta plugins.
2016-11-01 02:08:17,404 (7fb86a7fc700) :  INFO (storeservice:531) - 'Services' plug-in [com.plexapp.system.services] is up to date (6ed935d)
2016-11-01 02:08:17,404 (7fb86a7fc700) :  INFO (storeservice:362) - All plug-ins are up to date
2016-11-01 02:08:17,404 (7fb86a7fc700) :  DEBUG (runtime:1150) - Scheduled a timed thread named 'auto_update_thread'
2016-11-01 02:08:22,291 (7fb84a7fc700) :  INFO (datakit:131) - Saved the dictionary file
2016-11-01 02:09:16,922 (7fb8497fa700) :  DEBUG (runtime:1156) - Starting timed thread named 'refresh_servers'
2016-11-01 02:09:16,923 (7fb8497fa700) :  DEBUG (peerservice:164) - Fetching the current list of servers
2016-11-01 02:09:16,923 (7fb8497fa700) :  DEBUG (networking:166) - Requesting 'http://127.0.0.1:32400/servers'
2016-11-01 02:09:16,926 (7fb8497fa700) :  DEBUG (peerservice:171) - Refreshing local server
2016-11-01 02:09:16,926 (7fb8497fa700) :  DEBUG (peerservice:189) - Updating servers (True/False True/True/True)
2016-11-01 02:09:16,926 (7fb8497fa700) :  DEBUG (peerservice:198) - Found 1 servers
2016-11-01 02:09:16,927 (7fb8497fa700) :  DEBUG (peerservice:233) - Updating existing server gitserver.unixmen (3f7d8b45fd54bdb4376458e561943efef8c613f8)
2016-11-01 02:09:16,927 (7fb8497fa700) :  DEBUG (networking:166) - Requesting 'http://127.0.0.1:32400/library/sections'
2016-11-01 02:09:16,930 (7fb8497fa700) :  DEBUG (networking:166) - Requesting 'http://127.0.0.1:32400/channels/all'
2016-11-01 02:09:16,932 (7fb84a7fc700) :  DEBUG (peerservice:176) - Background-refreshing remote servers
2016-11-01 02:09:16,932 (7fb8497fa700) :  DEBUG (runtime:1117) - Created a thread named 'background_refresh'
2016-11-01 02:09:16,932 (7fb84a7fc700) :  DEBUG (peerservice:189) - Updating servers (False/True True/True/True)
2016-11-01 02:09:16,932 (7fb84a7fc700) :  DEBUG (peerservice:198) - Found 1 servers
