2016-11-01 12:22:50 DEBUG    MAIN :: Parsed Show.Name.S02E03.HDTV.XviD-RLSGROUP into Show Name - S02E03 [GROUP: RLSGROUP] [ABD: False] [ANIME: False] [whichReg: ['standard']]
2016-11-01 12:22:50 DEBUG    MAIN :: Episode has no release group, replacing it with 'RLSGROUP'
2016-11-01 12:22:50 DEBUG    MAIN :: formatting pattern: %SN - S%0SE%0E - %EN -> Show Name - S02E03 - Ep Name
2016-11-01 12:22:50 DEBUG    MAIN :: Parsed Show.Name.S02E03.HDTV.XviD-RLSGROUP into Show Name - S02E03 [GROUP: RLSGROUP] [ABD: False] [ANIME: False] [whichReg: ['standard']]
2016-11-01 12:22:50 DEBUG    MAIN :: formatting pattern: Season %0S -> Season 02
2016-11-01 12:22:50 DEBUG    MAIN :: Trying to parse Show Name - S02E03 - Ep Name.ext
2016-11-01 12:22:50 DEBUG    MAIN :: Parsed Show Name - S02E03 - Ep Name.ext into Show Name - S02E03 [ABD: False] [ANIME: False] [whichReg: ['standard']]
2016-11-01 12:22:50 DEBUG    MAIN :: The name Show Name - S02E03 - Ep Name.ext parsed into Show Name - S02E03 [ABD: False] [ANIME: False] [whichReg: ['standard']]
2016-11-01 12:22:50 DEBUG    MAIN :: Unable to find '/config/sickbeard.ini', all settings will be default!
2016-11-01 12:22:50 DEBUG    MAIN :: Checking database structure...sickbeard.db
2016-11-01 12:22:50 DEBUG    MAIN :: Checking Initial Schema database upgrade
2016-11-01 12:22:50 DEBUG    MAIN :: Database upgrade required: Initial Schema
2016-11-01 12:22:53 DEBUG    MAIN :: InitialSchema upgrade completed
2016-11-01 12:22:53 DEBUG    MAIN :: Checking Add Size And Scene Name Fields database upgrade
2016-11-01 12:22:53 DEBUG    MAIN :: AddSizeAndSceneNameFields upgrade not required
2016-11-01 12:22:53 DEBUG    MAIN :: Checking Rename Season Folders database upgrade
2016-11-01 12:22:53 DEBUG    MAIN :: RenameSeasonFolders upgrade not required
2016-11-01 12:22:53 DEBUG    MAIN :: Checking Add1080p And Raw Qualities database upgrade
2016-11-01 12:22:53 DEBUG    MAIN :: Add1080pAndRawHDQualities upgrade not required
2016-11-01 12:22:53 DEBUG    MAIN :: Checking Add Showid Tvdbid Index database upgrade
2016-11-01 12:22:53 DEBUG    MAIN :: AddShowidTvdbidIndex upgrade not required
2016-11-01 12:22:53 DEBUG    MAIN :: Checking Add Last Update database upgrade
2016-11-01 12:22:53 DEBUG    MAIN :: AddLastUpdateTVDB upgrade not required
2016-11-01 12:22:53 DEBUG    MAIN :: Checking Add Increase To15 database upgrade
2016-11-01 12:22:53 DEBUG    MAIN :: AddDBIncreaseTo15 upgrade not required
2016-11-01 12:22:53 DEBUG    MAIN :: Checking Add Db Info database upgrade
2016-11-01 12:22:53 DEBUG    MAIN :: AddIMDbInfo upgrade not required
2016-11-01 12:22:53 DEBUG    MAIN :: Checking Add Proper Naming Support database upgrade
2016-11-01 12:22:53 DEBUG    MAIN :: AddProperNamingSupport upgrade not required
2016-11-01 12:22:53 DEBUG    MAIN :: Checking Add Email Subscription Table database upgrade
2016-11-01 12:22:53 DEBUG    MAIN :: AddEmailSubscriptionTable upgrade not required
2016-11-01 12:22:53 DEBUG    MAIN :: Checking Add Proper Search database upgrade
2016-11-01 12:22:53 DEBUG    MAIN :: AddProperSearch upgrade not required
2016-11-01 12:22:53 DEBUG    MAIN :: Checking Add Dvd Order Option database upgrade
2016-11-01 12:22:53 DEBUG    MAIN :: AddDvdOrderOption upgrade not required
2016-11-01 12:22:53 DEBUG    MAIN :: Checking Add Subtitles Support database upgrade
2016-11-01 12:22:53 DEBUG    MAIN :: AddSubtitlesSupport upgrade not required
2016-11-01 12:22:53 DEBUG    MAIN :: Checking Convert Shows To Indexer Scheme database upgrade
2016-11-01 12:22:53 DEBUG    MAIN :: ConvertTVShowsToIndexerScheme upgrade not required
2016-11-01 12:22:53 DEBUG    MAIN :: Checking Convert Episodes To Indexer Scheme database upgrade
2016-11-01 12:22:53 DEBUG    MAIN :: ConvertTVEpisodesToIndexerScheme upgrade not required
2016-11-01 12:22:53 DEBUG    MAIN :: Checking Convert Info To Indexer Scheme database upgrade
2016-11-01 12:22:53 DEBUG    MAIN :: ConvertIMDBInfoToIndexerScheme upgrade not required
2016-11-01 12:22:53 DEBUG    MAIN :: Checking Convert Info To Indexer Scheme database upgrade
2016-11-01 12:22:53 DEBUG    MAIN :: ConvertInfoToIndexerScheme upgrade not required
2016-11-01 12:22:53 DEBUG    MAIN :: Checking Add Archive First Match Option database upgrade
2016-11-01 12:22:53 DEBUG    MAIN :: AddArchiveFirstMatchOption upgrade not required
2016-11-01 12:22:53 DEBUG    MAIN :: Checking Add Scene Numbering database upgrade
2016-11-01 12:22:53 DEBUG    MAIN :: AddSceneNumbering upgrade not required
2016-11-01 12:22:53 DEBUG    MAIN :: Checking Convert Indexer To Integer database upgrade
2016-11-01 12:22:53 DEBUG    MAIN :: ConvertIndexerToInteger upgrade not required
2016-11-01 12:22:53 DEBUG    MAIN :: Checking Add Require And Ignore Words database upgrade
2016-11-01 12:22:53 DEBUG    MAIN :: AddRequireAndIgnoreWords upgrade not required
2016-11-01 12:22:53 DEBUG    MAIN :: Checking Add Sports Option database upgrade
2016-11-01 12:22:53 DEBUG    MAIN :: AddSportsOption upgrade not required
2016-11-01 12:22:53 DEBUG    MAIN :: Checking Add Scene Numbering To Tv Episodes database upgrade
2016-11-01 12:22:53 DEBUG    MAIN :: AddSceneNumberingToTvEpisodes upgrade not required
2016-11-01 12:22:53 DEBUG    MAIN :: Checking Add Anime Show database upgrade
2016-11-01 12:22:53 DEBUG    MAIN :: AddAnimeTVShow upgrade not required
2016-11-01 12:22:53 DEBUG    MAIN :: Checking Add Absolute Numbering database upgrade
2016-11-01 12:22:53 DEBUG    MAIN :: AddAbsoluteNumbering upgrade not required
2016-11-01 12:22:53 DEBUG    MAIN :: Checking Add Scene Absolute Numbering database upgrade
2016-11-01 12:22:53 DEBUG    MAIN :: AddSceneAbsoluteNumbering upgrade not required
2016-11-01 12:22:53 DEBUG    MAIN :: Checking Add Anime Blacklist Whitelist database upgrade
2016-11-01 12:22:53 DEBUG    MAIN :: AddAnimeBlacklistWhitelist upgrade not required
2016-11-01 12:22:53 DEBUG    MAIN :: Checking Add Scene Absolute Numbering2 database upgrade
2016-11-01 12:22:53 DEBUG    MAIN :: AddSceneAbsoluteNumbering2 upgrade not required
2016-11-01 12:22:53 DEBUG    MAIN :: Checking Add Xem Refresh database upgrade
2016-11-01 12:22:53 DEBUG    MAIN :: AddXemRefresh upgrade not required
2016-11-01 12:22:53 DEBUG    MAIN :: Checking Add Scene To Tv Shows database upgrade
2016-11-01 12:22:53 DEBUG    MAIN :: AddSceneToTvShows upgrade not required
2016-11-01 12:22:53 DEBUG    MAIN :: Checking Add Indexer Mapping database upgrade
2016-11-01 12:22:53 DEBUG    MAIN :: AddIndexerMapping upgrade not required
2016-11-01 12:22:53 DEBUG    MAIN :: Checking Add Version To Tv Episodes database upgrade
2016-11-01 12:22:53 DEBUG    MAIN :: AddVersionToTvEpisodes upgrade not required
2016-11-01 12:22:53 DEBUG    MAIN :: Checking Add Default Ep Status To Tv Shows database upgrade
2016-11-01 12:22:53 DEBUG    MAIN :: AddDefaultEpStatusToTvShows upgrade not required
2016-11-01 12:22:53 DEBUG    MAIN :: Checking Alter Shows Field Types database upgrade
2016-11-01 12:22:53 DEBUG    MAIN :: AlterTVShowsFieldTypes upgrade not required
2016-11-01 12:22:53 DEBUG    MAIN :: Checking database structure...cache.db
2016-11-01 12:22:53 DEBUG    MAIN :: Checking Initial Schema database upgrade
2016-11-01 12:22:53 DEBUG    MAIN :: Database upgrade required: Initial Schema
2016-11-01 12:22:55 DEBUG    MAIN :: InitialSchema upgrade completed
2016-11-01 12:22:55 DEBUG    MAIN :: Checking Add Scene Exceptions database upgrade
2016-11-01 12:22:55 DEBUG    MAIN :: AddSceneExceptions upgrade not required
2016-11-01 12:22:55 DEBUG    MAIN :: Checking Add Scene Name Cache database upgrade
2016-11-01 12:22:55 DEBUG    MAIN :: AddSceneNameCache upgrade not required
2016-11-01 12:22:55 DEBUG    MAIN :: Checking Add Network Timezones database upgrade
2016-11-01 12:22:55 DEBUG    MAIN :: AddNetworkTimezones upgrade not required
2016-11-01 12:22:55 DEBUG    MAIN :: Checking Add Last Search database upgrade
2016-11-01 12:22:55 DEBUG    MAIN :: AddLastSearch upgrade not required
2016-11-01 12:22:55 DEBUG    MAIN :: Checking Add Scene Exceptions Seasons database upgrade
2016-11-01 12:22:55 DEBUG    MAIN :: AddSceneExceptionsSeasons upgrade not required
2016-11-01 12:22:55 DEBUG    MAIN :: Checking Add Scene Exceptions Custom database upgrade
2016-11-01 12:22:55 DEBUG    MAIN :: AddSceneExceptionsCustom upgrade not required
2016-11-01 12:22:55 DEBUG    MAIN :: Checking Add Scene Exceptions Refresh database upgrade
2016-11-01 12:22:55 DEBUG    MAIN :: AddSceneExceptionsRefresh upgrade not required
2016-11-01 12:22:55 DEBUG    MAIN :: Checking database structure...failed.db
2016-11-01 12:22:55 DEBUG    MAIN :: Checking Initial Schema database upgrade
2016-11-01 12:22:55 DEBUG    MAIN :: Database upgrade required: Initial Schema
2016-11-01 12:22:55 DEBUG    MAIN :: InitialSchema upgrade completed
2016-11-01 12:22:55 DEBUG    MAIN :: Checking Size And Provider database upgrade
2016-11-01 12:22:55 DEBUG    MAIN :: SizeAndProvider upgrade not required
2016-11-01 12:22:55 DEBUG    MAIN :: Checking History database upgrade
2016-11-01 12:22:55 DEBUG    MAIN :: History upgrade not required
2016-11-01 12:22:55 DEBUG    MAIN :: Checking History Status database upgrade
2016-11-01 12:22:55 DEBUG    MAIN :: HistoryStatus upgrade not required
2016-11-01 12:22:55 INFO     MAIN :: Checking for shows with tvrage id's, since tvrage is gone
2016-11-01 12:22:55 DEBUG    MAIN :: Checking if we can use git commands: git version
2016-11-01 12:22:55 DEBUG    MAIN :: Executing git version with your shell in /sickrage/app
2016-11-01 12:22:55 DEBUG    MAIN :: git version : returned successful
2016-11-01 12:22:55 DEBUG    MAIN :: Using: git
2016-11-01 12:22:55 DEBUG    MAIN :: Executing git symbolic-ref -q HEAD with your shell in /sickrage/app
2016-11-01 12:22:55 DEBUG    MAIN :: git symbolic-ref -q HEAD : returned successful
2016-11-01 12:22:55 DEBUG    MAIN :: Retrieving the last check time from the DB
2016-11-01 12:22:55 DEBUG    MAIN :: Loading initial show list
2016-11-01 12:22:55 INFO     MAIN :: New API generated
2016-11-01 12:22:55 INFO     TORNADO :: Starting SickRage on http://0.0.0.0:8081/
2016-11-01 12:22:55 DEBUG    CHECKVERSION :: Starting new thread: CHECKVERSION
2016-11-01 12:22:55 INFO     CHECKVERSION :: Checking for updates using GIT
2016-11-01 12:22:55 DEBUG    CHECKVERSION :: Executing git symbolic-ref -q HEAD with your shell in /sickrage/app
2016-11-01 12:22:55 INFO     MAIN :: Checking for scene exception updates for theTVDB
2016-11-01 12:22:55 DEBUG    CHECKVERSION :: git symbolic-ref -q HEAD : returned successful
2016-11-01 12:22:55 DEBUG    CHECKVERSION :: Executing git rev-parse HEAD with your shell in /sickrage/app
2016-11-01 12:22:55 DEBUG    CHECKVERSION :: git rev-parse HEAD : returned successful
2016-11-01 12:22:55 DEBUG    CHECKVERSION :: Executing git config remote.origin.url https://github.com/cytec/SickRage.git with your shell in /sickrage/app
2016-11-01 12:22:55 DEBUG    CHECKVERSION :: git config remote.origin.url https://github.com/cytec/SickRage.git : returned successful
2016-11-01 12:22:55 DEBUG    CHECKVERSION :: Executing git fetch origin with your shell in /sickrage/app
2016-11-01 12:22:56 INFO     MAIN :: Checking for XEM scene exception updates for theTVDB
2016-11-01 12:22:56 DEBUG    CHECKVERSION :: git fetch origin : returned successful
2016-11-01 12:22:56 DEBUG    CHECKVERSION :: Executing git rev-parse --verify --quiet "@{upstream}" with your shell in /sickrage/app
2016-11-01 12:22:56 DEBUG    CHECKVERSION :: git rev-parse --verify --quiet "@{upstream}" : returned successful
2016-11-01 12:22:56 DEBUG    CHECKVERSION :: Executing git rev-list --left-right "@{upstream}"...HEAD with your shell in /sickrage/app
2016-11-01 12:22:56 DEBUG    CHECKVERSION :: git rev-list --left-right "@{upstream}"...HEAD : returned successful
2016-11-01 12:22:56 DEBUG    CHECKVERSION :: cur_commit = bfc327700ccea40fd71d065927cb352599aa27d6, newest_commit = bfc327700ccea40fd71d065927cb352599aa27d6, num_commits_behind = 0, num_commits_ahead = 0
2016-11-01 12:22:56 INFO     MAIN :: Checking for scene exception updates for AniDB
2016-11-01 12:22:57 DEBUG    MAIN :: Transaction with 1325 queries executed
2016-11-01 12:22:57 DEBUG    MAIN :: Updated scene exceptions
2016-11-01 12:22:57 INFO     MAIN :: Building internal name cache for all shows
2016-11-01 12:22:57 INFO     MAIN :: Updating timezone info with new one: zoneinfo-2016h.tar.gz
2016-11-01 12:22:58 DEBUG    MAIN :: Transaction with 2275 queries executed
